{"C:\\Users\\lenov\\Desktop\\Breidy\\Cursos\\3. BOOTCAMP\\02. Bootcamp\\Modulo 2\\00. Final modulo 2\\BackEnd\\config.js": {"path":"C:\\Users\\lenov\\Desktop\\Breidy\\Cursos\\3. BOOTCAMP\\02. Bootcamp\\Modulo 2\\00. Final modulo 2\\BackEnd\\config.js","statementMap":{"0":{"start":{"line":1,"column":13},"end":{"line":3,"column":1}},"1":{"start":{"line":5,"column":0},"end":{"line":5,"column":29}},"2":{"start":{"line":6,"column":0},"end":{"line":6,"column":40}},"3":{"start":{"line":8,"column":0},"end":{"line":8,"column":26}},"4":{"start":{"line":9,"column":0},"end":{"line":9,"column":34}},"5":{"start":{"line":10,"column":0},"end":{"line":10,"column":20}},"6":{"start":{"line":11,"column":0},"end":{"line":11,"column":85}},"7":{"start":{"line":12,"column":0},"end":{"line":12,"column":28}},"8":{"start":{"line":14,"column":0},"end":{"line":14,"column":36}},"9":{"start":{"line":15,"column":0},"end":{"line":15,"column":23}},"10":{"start":{"line":16,"column":0},"end":{"line":16,"column":51}},"11":{"start":{"line":17,"column":0},"end":{"line":17,"column":38}},"12":{"start":{"line":19,"column":0},"end":{"line":21,"column":1}},"13":{"start":{"line":23,"column":0},"end":{"line":23,"column":30}}},"fnMap":{},"branchMap":{},"s":{"0":1,"1":1,"2":1,"3":1,"4":1,"5":1,"6":1,"7":1,"8":1,"9":1,"10":1,"11":1,"12":1,"13":1},"f":{},"b":{},"_coverageSchema":"1a1c01bbd47fc00a2c39e90264f33305004495a9","hash":"6fedf16347aa73595345fadf1b9e4aae54bc64be"}
,"C:\\Users\\lenov\\Desktop\\Breidy\\Cursos\\3. BOOTCAMP\\02. Bootcamp\\Modulo 2\\00. Final modulo 2\\BackEnd\\api\\controladores\\productosController.js": {"path":"C:\\Users\\lenov\\Desktop\\Breidy\\Cursos\\3. BOOTCAMP\\02. Bootcamp\\Modulo 2\\00. Final modulo 2\\BackEnd\\api\\controladores\\productosController.js","statementMap":{"0":{"start":{"line":1,"column":19},"end":{"line":1,"column":45}},"1":{"start":{"line":2,"column":21},"end":{"line":2,"column":75}},"2":{"start":{"line":3,"column":26},"end":{"line":3,"column":28}},"3":{"start":{"line":6,"column":0},"end":{"line":65,"column":1}},"4":{"start":{"line":9,"column":15},"end":{"line":17,"column":5}},"5":{"start":{"line":20,"column":4},"end":{"line":23,"column":5}},"6":{"start":{"line":21,"column":8},"end":{"line":21,"column":78}},"7":{"start":{"line":22,"column":8},"end":{"line":22,"column":20}},"8":{"start":{"line":24,"column":4},"end":{"line":27,"column":5}},"9":{"start":{"line":25,"column":8},"end":{"line":25,"column":78}},"10":{"start":{"line":26,"column":8},"end":{"line":26,"column":20}},"11":{"start":{"line":28,"column":4},"end":{"line":31,"column":5}},"12":{"start":{"line":29,"column":8},"end":{"line":29,"column":78}},"13":{"start":{"line":30,"column":8},"end":{"line":30,"column":20}},"14":{"start":{"line":32,"column":4},"end":{"line":35,"column":5}},"15":{"start":{"line":33,"column":8},"end":{"line":33,"column":80}},"16":{"start":{"line":34,"column":8},"end":{"line":34,"column":20}},"17":{"start":{"line":36,"column":4},"end":{"line":39,"column":5}},"18":{"start":{"line":37,"column":8},"end":{"line":37,"column":78}},"19":{"start":{"line":38,"column":8},"end":{"line":38,"column":20}},"20":{"start":{"line":40,"column":4},"end":{"line":43,"column":5}},"21":{"start":{"line":41,"column":8},"end":{"line":41,"column":83}},"22":{"start":{"line":42,"column":8},"end":{"line":42,"column":20}},"23":{"start":{"line":44,"column":4},"end":{"line":47,"column":5}},"24":{"start":{"line":45,"column":8},"end":{"line":45,"column":78}},"25":{"start":{"line":46,"column":8},"end":{"line":46,"column":20}},"26":{"start":{"line":50,"column":4},"end":{"line":64,"column":6}},"27":{"start":{"line":51,"column":8},"end":{"line":63,"column":9}},"28":{"start":{"line":52,"column":12},"end":{"line":59,"column":14}},"29":{"start":{"line":53,"column":16},"end":{"line":58,"column":17}},"30":{"start":{"line":54,"column":20},"end":{"line":54,"column":99}},"31":{"start":{"line":57,"column":20},"end":{"line":57,"column":91}},"32":{"start":{"line":62,"column":12},"end":{"line":62,"column":102}},"33":{"start":{"line":67,"column":0},"end":{"line":71,"column":1}},"34":{"start":{"line":68,"column":4},"end":{"line":70,"column":6}},"35":{"start":{"line":69,"column":8},"end":{"line":69,"column":32}},"36":{"start":{"line":73,"column":0},"end":{"line":77,"column":1}},"37":{"start":{"line":74,"column":4},"end":{"line":76,"column":6}},"38":{"start":{"line":75,"column":8},"end":{"line":75,"column":32}},"39":{"start":{"line":79,"column":0},"end":{"line":100,"column":1}},"40":{"start":{"line":80,"column":15},"end":{"line":82,"column":5}},"41":{"start":{"line":84,"column":4},"end":{"line":84,"column":30}},"42":{"start":{"line":85,"column":4},"end":{"line":85,"column":21}},"43":{"start":{"line":87,"column":4},"end":{"line":90,"column":5}},"44":{"start":{"line":88,"column":8},"end":{"line":88,"column":75}},"45":{"start":{"line":89,"column":8},"end":{"line":89,"column":20}},"46":{"start":{"line":91,"column":4},"end":{"line":94,"column":5}},"47":{"start":{"line":92,"column":8},"end":{"line":92,"column":85}},"48":{"start":{"line":93,"column":8},"end":{"line":93,"column":20}},"49":{"start":{"line":96,"column":4},"end":{"line":98,"column":6}},"50":{"start":{"line":97,"column":8},"end":{"line":97,"column":32}},"51":{"start":{"line":102,"column":0},"end":{"line":157,"column":1}},"52":{"start":{"line":103,"column":15},"end":{"line":111,"column":5}},"53":{"start":{"line":113,"column":4},"end":{"line":116,"column":5}},"54":{"start":{"line":114,"column":8},"end":{"line":114,"column":75}},"55":{"start":{"line":115,"column":8},"end":{"line":115,"column":20}},"56":{"start":{"line":117,"column":4},"end":{"line":120,"column":5}},"57":{"start":{"line":118,"column":8},"end":{"line":118,"column":78}},"58":{"start":{"line":119,"column":8},"end":{"line":119,"column":20}},"59":{"start":{"line":121,"column":4},"end":{"line":124,"column":5}},"60":{"start":{"line":122,"column":8},"end":{"line":122,"column":78}},"61":{"start":{"line":123,"column":8},"end":{"line":123,"column":20}},"62":{"start":{"line":125,"column":4},"end":{"line":128,"column":5}},"63":{"start":{"line":126,"column":8},"end":{"line":126,"column":80}},"64":{"start":{"line":127,"column":8},"end":{"line":127,"column":20}},"65":{"start":{"line":129,"column":4},"end":{"line":132,"column":5}},"66":{"start":{"line":130,"column":8},"end":{"line":130,"column":78}},"67":{"start":{"line":131,"column":8},"end":{"line":131,"column":20}},"68":{"start":{"line":133,"column":4},"end":{"line":136,"column":5}},"69":{"start":{"line":134,"column":8},"end":{"line":134,"column":83}},"70":{"start":{"line":135,"column":8},"end":{"line":135,"column":20}},"71":{"start":{"line":137,"column":4},"end":{"line":140,"column":5}},"72":{"start":{"line":138,"column":8},"end":{"line":138,"column":78}},"73":{"start":{"line":139,"column":8},"end":{"line":139,"column":20}},"74":{"start":{"line":142,"column":4},"end":{"line":156,"column":6}},"75":{"start":{"line":143,"column":8},"end":{"line":155,"column":9}},"76":{"start":{"line":144,"column":12},"end":{"line":144,"column":89}},"77":{"start":{"line":147,"column":12},"end":{"line":154,"column":14}},"78":{"start":{"line":148,"column":16},"end":{"line":153,"column":17}},"79":{"start":{"line":149,"column":20},"end":{"line":149,"column":88}},"80":{"start":{"line":152,"column":20},"end":{"line":152,"column":106}},"81":{"start":{"line":159,"column":0},"end":{"line":184,"column":1}},"82":{"start":{"line":160,"column":15},"end":{"line":162,"column":5}},"83":{"start":{"line":164,"column":4},"end":{"line":167,"column":5}},"84":{"start":{"line":165,"column":8},"end":{"line":165,"column":74}},"85":{"start":{"line":166,"column":8},"end":{"line":166,"column":20}},"86":{"start":{"line":169,"column":4},"end":{"line":183,"column":6}},"87":{"start":{"line":170,"column":8},"end":{"line":182,"column":9}},"88":{"start":{"line":171,"column":12},"end":{"line":171,"column":87}},"89":{"start":{"line":174,"column":12},"end":{"line":181,"column":14}},"90":{"start":{"line":175,"column":16},"end":{"line":180,"column":17}},"91":{"start":{"line":176,"column":20},"end":{"line":176,"column":86}},"92":{"start":{"line":179,"column":20},"end":{"line":179,"column":104}},"93":{"start":{"line":188,"column":0},"end":{"line":188,"column":56}}},"fnMap":{"0":{"name":"(anonymous_0)","decl":{"start":{"line":6,"column":30},"end":{"line":6,"column":31}},"loc":{"start":{"line":6,"column":57},"end":{"line":65,"column":1}},"line":6},"1":{"name":"(anonymous_1)","decl":{"start":{"line":50,"column":38},"end":{"line":50,"column":39}},"loc":{"start":{"line":50,"column":54},"end":{"line":64,"column":5}},"line":50},"2":{"name":"(anonymous_2)","decl":{"start":{"line":52,"column":41},"end":{"line":52,"column":42}},"loc":{"start":{"line":52,"column":60},"end":{"line":59,"column":13}},"line":52},"3":{"name":"(anonymous_3)","decl":{"start":{"line":67,"column":34},"end":{"line":67,"column":35}},"loc":{"start":{"line":67,"column":61},"end":{"line":71,"column":1}},"line":67},"4":{"name":"(anonymous_4)","decl":{"start":{"line":68,"column":37},"end":{"line":68,"column":38}},"loc":{"start":{"line":68,"column":56},"end":{"line":70,"column":5}},"line":68},"5":{"name":"(anonymous_5)","decl":{"start":{"line":73,"column":41},"end":{"line":73,"column":42}},"loc":{"start":{"line":73,"column":68},"end":{"line":77,"column":1}},"line":73},"6":{"name":"(anonymous_6)","decl":{"start":{"line":74,"column":44},"end":{"line":74,"column":45}},"loc":{"start":{"line":74,"column":63},"end":{"line":76,"column":5}},"line":74},"7":{"name":"(anonymous_7)","decl":{"start":{"line":79,"column":31},"end":{"line":79,"column":32}},"loc":{"start":{"line":79,"column":58},"end":{"line":100,"column":1}},"line":79},"8":{"name":"(anonymous_8)","decl":{"start":{"line":96,"column":34},"end":{"line":96,"column":35}},"loc":{"start":{"line":96,"column":53},"end":{"line":98,"column":5}},"line":96},"9":{"name":"(anonymous_9)","decl":{"start":{"line":102,"column":33},"end":{"line":102,"column":34}},"loc":{"start":{"line":102,"column":60},"end":{"line":157,"column":1}},"line":102},"10":{"name":"(anonymous_10)","decl":{"start":{"line":142,"column":34},"end":{"line":142,"column":35}},"loc":{"start":{"line":142,"column":50},"end":{"line":156,"column":5}},"line":142},"11":{"name":"(anonymous_11)","decl":{"start":{"line":147,"column":44},"end":{"line":147,"column":45}},"loc":{"start":{"line":147,"column":63},"end":{"line":154,"column":13}},"line":147},"12":{"name":"(anonymous_12)","decl":{"start":{"line":159,"column":31},"end":{"line":159,"column":32}},"loc":{"start":{"line":159,"column":58},"end":{"line":184,"column":1}},"line":159},"13":{"name":"(anonymous_13)","decl":{"start":{"line":169,"column":34},"end":{"line":169,"column":35}},"loc":{"start":{"line":169,"column":50},"end":{"line":183,"column":5}},"line":169},"14":{"name":"(anonymous_14)","decl":{"start":{"line":174,"column":42},"end":{"line":174,"column":43}},"loc":{"start":{"line":174,"column":61},"end":{"line":181,"column":13}},"line":174}},"branchMap":{"0":{"loc":{"start":{"line":20,"column":4},"end":{"line":23,"column":5}},"type":"if","locations":[{"start":{"line":20,"column":4},"end":{"line":23,"column":5}},{"start":{},"end":{}}],"line":20},"1":{"loc":{"start":{"line":20,"column":7},"end":{"line":20,"column":82}},"type":"binary-expr","locations":[{"start":{"line":20,"column":7},"end":{"line":20,"column":31}},{"start":{"line":20,"column":35},"end":{"line":20,"column":54}},{"start":{"line":20,"column":58},"end":{"line":20,"column":82}}],"line":20},"2":{"loc":{"start":{"line":24,"column":4},"end":{"line":27,"column":5}},"type":"if","locations":[{"start":{"line":24,"column":4},"end":{"line":27,"column":5}},{"start":{},"end":{}}],"line":24},"3":{"loc":{"start":{"line":24,"column":7},"end":{"line":24,"column":75}},"type":"binary-expr","locations":[{"start":{"line":24,"column":7},"end":{"line":24,"column":31}},{"start":{"line":24,"column":35},"end":{"line":24,"column":54}},{"start":{"line":24,"column":58},"end":{"line":24,"column":75}}],"line":24},"4":{"loc":{"start":{"line":28,"column":4},"end":{"line":31,"column":5}},"type":"if","locations":[{"start":{"line":28,"column":4},"end":{"line":31,"column":5}},{"start":{},"end":{}}],"line":28},"5":{"loc":{"start":{"line":28,"column":7},"end":{"line":28,"column":75}},"type":"binary-expr","locations":[{"start":{"line":28,"column":7},"end":{"line":28,"column":31}},{"start":{"line":28,"column":35},"end":{"line":28,"column":54}},{"start":{"line":28,"column":58},"end":{"line":28,"column":75}}],"line":28},"6":{"loc":{"start":{"line":32,"column":4},"end":{"line":35,"column":5}},"type":"if","locations":[{"start":{"line":32,"column":4},"end":{"line":35,"column":5}},{"start":{},"end":{}}],"line":32},"7":{"loc":{"start":{"line":32,"column":7},"end":{"line":32,"column":81}},"type":"binary-expr","locations":[{"start":{"line":32,"column":7},"end":{"line":32,"column":33}},{"start":{"line":32,"column":37},"end":{"line":32,"column":58}},{"start":{"line":32,"column":62},"end":{"line":32,"column":81}}],"line":32},"8":{"loc":{"start":{"line":36,"column":4},"end":{"line":39,"column":5}},"type":"if","locations":[{"start":{"line":36,"column":4},"end":{"line":39,"column":5}},{"start":{},"end":{}}],"line":36},"9":{"loc":{"start":{"line":36,"column":7},"end":{"line":36,"column":75}},"type":"binary-expr","locations":[{"start":{"line":36,"column":7},"end":{"line":36,"column":31}},{"start":{"line":36,"column":35},"end":{"line":36,"column":54}},{"start":{"line":36,"column":58},"end":{"line":36,"column":75}}],"line":36},"10":{"loc":{"start":{"line":40,"column":4},"end":{"line":43,"column":5}},"type":"if","locations":[{"start":{"line":40,"column":4},"end":{"line":43,"column":5}},{"start":{},"end":{}}],"line":40},"11":{"loc":{"start":{"line":40,"column":7},"end":{"line":40,"column":90}},"type":"binary-expr","locations":[{"start":{"line":40,"column":7},"end":{"line":40,"column":36}},{"start":{"line":40,"column":40},"end":{"line":40,"column":64}},{"start":{"line":40,"column":68},"end":{"line":40,"column":90}}],"line":40},"12":{"loc":{"start":{"line":44,"column":4},"end":{"line":47,"column":5}},"type":"if","locations":[{"start":{"line":44,"column":4},"end":{"line":47,"column":5}},{"start":{},"end":{}}],"line":44},"13":{"loc":{"start":{"line":44,"column":7},"end":{"line":44,"column":75}},"type":"binary-expr","locations":[{"start":{"line":44,"column":7},"end":{"line":44,"column":31}},{"start":{"line":44,"column":35},"end":{"line":44,"column":54}},{"start":{"line":44,"column":58},"end":{"line":44,"column":75}}],"line":44},"14":{"loc":{"start":{"line":51,"column":8},"end":{"line":63,"column":9}},"type":"if","locations":[{"start":{"line":51,"column":8},"end":{"line":63,"column":9}},{"start":{"line":61,"column":13},"end":{"line":63,"column":9}}],"line":51},"15":{"loc":{"start":{"line":53,"column":16},"end":{"line":58,"column":17}},"type":"if","locations":[{"start":{"line":53,"column":16},"end":{"line":58,"column":17}},{"start":{"line":56,"column":21},"end":{"line":58,"column":17}}],"line":53},"16":{"loc":{"start":{"line":87,"column":4},"end":{"line":90,"column":5}},"type":"if","locations":[{"start":{"line":87,"column":4},"end":{"line":90,"column":5}},{"start":{},"end":{}}],"line":87},"17":{"loc":{"start":{"line":87,"column":7},"end":{"line":87,"column":73}},"type":"binary-expr","locations":[{"start":{"line":87,"column":7},"end":{"line":87,"column":28}},{"start":{"line":87,"column":32},"end":{"line":87,"column":48}},{"start":{"line":87,"column":52},"end":{"line":87,"column":73}}],"line":87},"18":{"loc":{"start":{"line":91,"column":4},"end":{"line":94,"column":5}},"type":"if","locations":[{"start":{"line":91,"column":4},"end":{"line":94,"column":5}},{"start":{},"end":{}}],"line":91},"19":{"loc":{"start":{"line":113,"column":4},"end":{"line":116,"column":5}},"type":"if","locations":[{"start":{"line":113,"column":4},"end":{"line":116,"column":5}},{"start":{},"end":{}}],"line":113},"20":{"loc":{"start":{"line":113,"column":7},"end":{"line":113,"column":73}},"type":"binary-expr","locations":[{"start":{"line":113,"column":7},"end":{"line":113,"column":28}},{"start":{"line":113,"column":32},"end":{"line":113,"column":48}},{"start":{"line":113,"column":52},"end":{"line":113,"column":73}}],"line":113},"21":{"loc":{"start":{"line":117,"column":4},"end":{"line":120,"column":5}},"type":"if","locations":[{"start":{"line":117,"column":4},"end":{"line":120,"column":5}},{"start":{},"end":{}}],"line":117},"22":{"loc":{"start":{"line":117,"column":7},"end":{"line":117,"column":82}},"type":"binary-expr","locations":[{"start":{"line":117,"column":7},"end":{"line":117,"column":31}},{"start":{"line":117,"column":35},"end":{"line":117,"column":54}},{"start":{"line":117,"column":58},"end":{"line":117,"column":82}}],"line":117},"23":{"loc":{"start":{"line":121,"column":4},"end":{"line":124,"column":5}},"type":"if","locations":[{"start":{"line":121,"column":4},"end":{"line":124,"column":5}},{"start":{},"end":{}}],"line":121},"24":{"loc":{"start":{"line":121,"column":7},"end":{"line":121,"column":75}},"type":"binary-expr","locations":[{"start":{"line":121,"column":7},"end":{"line":121,"column":31}},{"start":{"line":121,"column":35},"end":{"line":121,"column":54}},{"start":{"line":121,"column":58},"end":{"line":121,"column":75}}],"line":121},"25":{"loc":{"start":{"line":125,"column":4},"end":{"line":128,"column":5}},"type":"if","locations":[{"start":{"line":125,"column":4},"end":{"line":128,"column":5}},{"start":{},"end":{}}],"line":125},"26":{"loc":{"start":{"line":125,"column":7},"end":{"line":125,"column":81}},"type":"binary-expr","locations":[{"start":{"line":125,"column":7},"end":{"line":125,"column":33}},{"start":{"line":125,"column":37},"end":{"line":125,"column":58}},{"start":{"line":125,"column":62},"end":{"line":125,"column":81}}],"line":125},"27":{"loc":{"start":{"line":129,"column":4},"end":{"line":132,"column":5}},"type":"if","locations":[{"start":{"line":129,"column":4},"end":{"line":132,"column":5}},{"start":{},"end":{}}],"line":129},"28":{"loc":{"start":{"line":129,"column":7},"end":{"line":129,"column":75}},"type":"binary-expr","locations":[{"start":{"line":129,"column":7},"end":{"line":129,"column":31}},{"start":{"line":129,"column":35},"end":{"line":129,"column":54}},{"start":{"line":129,"column":58},"end":{"line":129,"column":75}}],"line":129},"29":{"loc":{"start":{"line":133,"column":4},"end":{"line":136,"column":5}},"type":"if","locations":[{"start":{"line":133,"column":4},"end":{"line":136,"column":5}},{"start":{},"end":{}}],"line":133},"30":{"loc":{"start":{"line":133,"column":7},"end":{"line":133,"column":90}},"type":"binary-expr","locations":[{"start":{"line":133,"column":7},"end":{"line":133,"column":36}},{"start":{"line":133,"column":40},"end":{"line":133,"column":64}},{"start":{"line":133,"column":68},"end":{"line":133,"column":90}}],"line":133},"31":{"loc":{"start":{"line":137,"column":4},"end":{"line":140,"column":5}},"type":"if","locations":[{"start":{"line":137,"column":4},"end":{"line":140,"column":5}},{"start":{},"end":{}}],"line":137},"32":{"loc":{"start":{"line":137,"column":7},"end":{"line":137,"column":75}},"type":"binary-expr","locations":[{"start":{"line":137,"column":7},"end":{"line":137,"column":31}},{"start":{"line":137,"column":35},"end":{"line":137,"column":54}},{"start":{"line":137,"column":58},"end":{"line":137,"column":75}}],"line":137},"33":{"loc":{"start":{"line":143,"column":8},"end":{"line":155,"column":9}},"type":"if","locations":[{"start":{"line":143,"column":8},"end":{"line":155,"column":9}},{"start":{"line":146,"column":13},"end":{"line":155,"column":9}}],"line":143},"34":{"loc":{"start":{"line":148,"column":16},"end":{"line":153,"column":17}},"type":"if","locations":[{"start":{"line":148,"column":16},"end":{"line":153,"column":17}},{"start":{"line":151,"column":21},"end":{"line":153,"column":17}}],"line":148},"35":{"loc":{"start":{"line":164,"column":4},"end":{"line":167,"column":5}},"type":"if","locations":[{"start":{"line":164,"column":4},"end":{"line":167,"column":5}},{"start":{},"end":{}}],"line":164},"36":{"loc":{"start":{"line":164,"column":7},"end":{"line":164,"column":73}},"type":"binary-expr","locations":[{"start":{"line":164,"column":7},"end":{"line":164,"column":28}},{"start":{"line":164,"column":32},"end":{"line":164,"column":48}},{"start":{"line":164,"column":52},"end":{"line":164,"column":73}}],"line":164},"37":{"loc":{"start":{"line":170,"column":8},"end":{"line":182,"column":9}},"type":"if","locations":[{"start":{"line":170,"column":8},"end":{"line":182,"column":9}},{"start":{"line":173,"column":13},"end":{"line":182,"column":9}}],"line":170},"38":{"loc":{"start":{"line":175,"column":16},"end":{"line":180,"column":17}},"type":"if","locations":[{"start":{"line":175,"column":16},"end":{"line":180,"column":17}},{"start":{"line":178,"column":21},"end":{"line":180,"column":17}}],"line":175}},"s":{"0":1,"1":1,"2":1,"3":1,"4":16,"5":16,"6":5,"7":5,"8":11,"9":1,"10":1,"11":10,"12":1,"13":1,"14":9,"15":1,"16":1,"17":8,"18":1,"19":1,"20":7,"21":1,"22":1,"23":6,"24":1,"25":1,"26":5,"27":5,"28":4,"29":4,"30":4,"31":0,"32":1,"33":1,"34":1,"35":1,"36":1,"37":1,"38":1,"39":1,"40":3,"41":3,"42":3,"43":3,"44":1,"45":1,"46":2,"47":1,"48":1,"49":1,"50":1,"51":1,"52":0,"53":0,"54":0,"55":0,"56":0,"57":0,"58":0,"59":0,"60":0,"61":0,"62":0,"63":0,"64":0,"65":0,"66":0,"67":0,"68":0,"69":0,"70":0,"71":0,"72":0,"73":0,"74":0,"75":0,"76":0,"77":0,"78":0,"79":0,"80":0,"81":1,"82":0,"83":0,"84":0,"85":0,"86":0,"87":0,"88":0,"89":0,"90":0,"91":0,"92":0,"93":1},"f":{"0":16,"1":5,"2":4,"3":1,"4":1,"5":1,"6":1,"7":3,"8":1,"9":0,"10":0,"11":0,"12":0,"13":0,"14":0},"b":{"0":[5,11],"1":[16,12,12],"2":[1,10],"3":[11,11,11],"4":[1,9],"5":[10,10,10],"6":[1,8],"7":[9,9,9],"8":[1,7],"9":[8,8,8],"10":[1,6],"11":[7,7,7],"12":[1,5],"13":[6,6,6],"14":[4,1],"15":[4,0],"16":[1,2],"17":[3,3,3],"18":[1,1],"19":[0,0],"20":[0,0,0],"21":[0,0],"22":[0,0,0],"23":[0,0],"24":[0,0,0],"25":[0,0],"26":[0,0,0],"27":[0,0],"28":[0,0,0],"29":[0,0],"30":[0,0,0],"31":[0,0],"32":[0,0,0],"33":[0,0],"34":[0,0],"35":[0,0],"36":[0,0,0],"37":[0,0],"38":[0,0]},"_coverageSchema":"1a1c01bbd47fc00a2c39e90264f33305004495a9","hash":"a3c68b1ac3e6970293503ffe86223211fb3d98dd"}
,"C:\\Users\\lenov\\Desktop\\Breidy\\Cursos\\3. BOOTCAMP\\02. Bootcamp\\Modulo 2\\00. Final modulo 2\\BackEnd\\api\\modelos\\productosModel.js": {"path":"C:\\Users\\lenov\\Desktop\\Breidy\\Cursos\\3. BOOTCAMP\\02. Bootcamp\\Modulo 2\\00. Final modulo 2\\BackEnd\\api\\modelos\\productosModel.js","statementMap":{"0":{"start":{"line":1,"column":17},"end":{"line":1,"column":36}},"1":{"start":{"line":2,"column":13},"end":{"line":2,"column":28}},"2":{"start":{"line":4,"column":22},"end":{"line":12,"column":2}},"3":{"start":{"line":14,"column":16},"end":{"line":14,"column":59}},"4":{"start":{"line":16,"column":21},"end":{"line":16,"column":23}},"5":{"start":{"line":19,"column":0},"end":{"line":26,"column":1}},"6":{"start":{"line":21,"column":4},"end":{"line":25,"column":6}},"7":{"start":{"line":22,"column":8},"end":{"line":22,"column":34}},"8":{"start":{"line":24,"column":8},"end":{"line":24,"column":26}},"9":{"start":{"line":28,"column":0},"end":{"line":44,"column":1}},"10":{"start":{"line":30,"column":22},"end":{"line":30,"column":33}},"11":{"start":{"line":31,"column":4},"end":{"line":31,"column":34}},"12":{"start":{"line":32,"column":4},"end":{"line":32,"column":34}},"13":{"start":{"line":33,"column":4},"end":{"line":33,"column":34}},"14":{"start":{"line":34,"column":4},"end":{"line":34,"column":48}},"15":{"start":{"line":35,"column":4},"end":{"line":35,"column":44}},"16":{"start":{"line":36,"column":4},"end":{"line":36,"column":44}},"17":{"start":{"line":37,"column":4},"end":{"line":37,"column":34}},"18":{"start":{"line":38,"column":4},"end":{"line":43,"column":6}},"19":{"start":{"line":39,"column":8},"end":{"line":39,"column":37}},"20":{"start":{"line":41,"column":8},"end":{"line":41,"column":26}},"21":{"start":{"line":42,"column":8},"end":{"line":42,"column":38}},"22":{"start":{"line":46,"column":0},"end":{"line":50,"column":1}},"23":{"start":{"line":47,"column":4},"end":{"line":49,"column":6}},"24":{"start":{"line":48,"column":8},"end":{"line":48,"column":34}},"25":{"start":{"line":52,"column":0},"end":{"line":56,"column":1}},"26":{"start":{"line":53,"column":4},"end":{"line":55,"column":6}},"27":{"start":{"line":54,"column":8},"end":{"line":54,"column":34}},"28":{"start":{"line":58,"column":0},"end":{"line":62,"column":1}},"29":{"start":{"line":59,"column":4},"end":{"line":61,"column":6}},"30":{"start":{"line":60,"column":8},"end":{"line":60,"column":34}},"31":{"start":{"line":64,"column":0},"end":{"line":70,"column":1}},"32":{"start":{"line":65,"column":4},"end":{"line":69,"column":6}},"33":{"start":{"line":66,"column":8},"end":{"line":66,"column":34}},"34":{"start":{"line":72,"column":0},"end":{"line":86,"column":1}},"35":{"start":{"line":73,"column":4},"end":{"line":85,"column":6}},"36":{"start":{"line":81,"column":8},"end":{"line":81,"column":37}},"37":{"start":{"line":84,"column":8},"end":{"line":84,"column":38}},"38":{"start":{"line":88,"column":0},"end":{"line":95,"column":1}},"39":{"start":{"line":89,"column":4},"end":{"line":94,"column":6}},"40":{"start":{"line":90,"column":8},"end":{"line":90,"column":37}},"41":{"start":{"line":93,"column":8},"end":{"line":93,"column":38}},"42":{"start":{"line":97,"column":0},"end":{"line":97,"column":32}},"43":{"start":{"line":98,"column":0},"end":{"line":98,"column":46}}},"fnMap":{"0":{"name":"(anonymous_0)","decl":{"start":{"line":19,"column":30},"end":{"line":19,"column":31}},"loc":{"start":{"line":19,"column":54},"end":{"line":26,"column":1}},"line":19},"1":{"name":"(anonymous_1)","decl":{"start":{"line":21,"column":47},"end":{"line":21,"column":48}},"loc":{"start":{"line":21,"column":62},"end":{"line":23,"column":5}},"line":21},"2":{"name":"(anonymous_2)","decl":{"start":{"line":23,"column":13},"end":{"line":23,"column":14}},"loc":{"start":{"line":23,"column":24},"end":{"line":25,"column":5}},"line":23},"3":{"name":"(anonymous_3)","decl":{"start":{"line":28,"column":25},"end":{"line":28,"column":26}},"loc":{"start":{"line":28,"column":49},"end":{"line":44,"column":1}},"line":28},"4":{"name":"(anonymous_4)","decl":{"start":{"line":38,"column":26},"end":{"line":38,"column":27}},"loc":{"start":{"line":38,"column":41},"end":{"line":40,"column":5}},"line":38},"5":{"name":"(anonymous_5)","decl":{"start":{"line":40,"column":13},"end":{"line":40,"column":14}},"loc":{"start":{"line":40,"column":24},"end":{"line":43,"column":5}},"line":40},"6":{"name":"(anonymous_6)","decl":{"start":{"line":46,"column":29},"end":{"line":46,"column":30}},"loc":{"start":{"line":46,"column":53},"end":{"line":50,"column":1}},"line":46},"7":{"name":"(anonymous_7)","decl":{"start":{"line":47,"column":29},"end":{"line":47,"column":30}},"loc":{"start":{"line":47,"column":44},"end":{"line":49,"column":5}},"line":47},"8":{"name":"(anonymous_8)","decl":{"start":{"line":52,"column":36},"end":{"line":52,"column":37}},"loc":{"start":{"line":52,"column":60},"end":{"line":56,"column":1}},"line":52},"9":{"name":"(anonymous_9)","decl":{"start":{"line":53,"column":44},"end":{"line":53,"column":45}},"loc":{"start":{"line":53,"column":59},"end":{"line":55,"column":5}},"line":53},"10":{"name":"(anonymous_10)","decl":{"start":{"line":58,"column":26},"end":{"line":58,"column":27}},"loc":{"start":{"line":58,"column":50},"end":{"line":62,"column":1}},"line":58},"11":{"name":"(anonymous_11)","decl":{"start":{"line":59,"column":41},"end":{"line":59,"column":42}},"loc":{"start":{"line":59,"column":56},"end":{"line":61,"column":5}},"line":59},"12":{"name":"(anonymous_12)","decl":{"start":{"line":64,"column":26},"end":{"line":64,"column":27}},"loc":{"start":{"line":64,"column":50},"end":{"line":70,"column":1}},"line":64},"13":{"name":"(anonymous_13)","decl":{"start":{"line":65,"column":41},"end":{"line":65,"column":42}},"loc":{"start":{"line":65,"column":56},"end":{"line":67,"column":5}},"line":65},"14":{"name":"(anonymous_14)","decl":{"start":{"line":67,"column":13},"end":{"line":67,"column":14}},"loc":{"start":{"line":67,"column":24},"end":{"line":69,"column":5}},"line":67},"15":{"name":"(anonymous_15)","decl":{"start":{"line":72,"column":28},"end":{"line":72,"column":29}},"loc":{"start":{"line":72,"column":52},"end":{"line":86,"column":1}},"line":72},"16":{"name":"(anonymous_16)","decl":{"start":{"line":80,"column":12},"end":{"line":80,"column":13}},"loc":{"start":{"line":80,"column":27},"end":{"line":82,"column":5}},"line":80},"17":{"name":"(anonymous_17)","decl":{"start":{"line":82,"column":13},"end":{"line":82,"column":14}},"loc":{"start":{"line":82,"column":24},"end":{"line":85,"column":5}},"line":82},"18":{"name":"(anonymous_18)","decl":{"start":{"line":88,"column":26},"end":{"line":88,"column":27}},"loc":{"start":{"line":88,"column":50},"end":{"line":95,"column":1}},"line":88},"19":{"name":"(anonymous_19)","decl":{"start":{"line":89,"column":50},"end":{"line":89,"column":51}},"loc":{"start":{"line":89,"column":65},"end":{"line":91,"column":5}},"line":89},"20":{"name":"(anonymous_20)","decl":{"start":{"line":91,"column":13},"end":{"line":91,"column":14}},"loc":{"start":{"line":91,"column":24},"end":{"line":94,"column":5}},"line":91}},"branchMap":{},"s":{"0":1,"1":1,"2":1,"3":1,"4":1,"5":1,"6":5,"7":5,"8":0,"9":1,"10":4,"11":4,"12":4,"13":4,"14":4,"15":4,"16":4,"17":4,"18":4,"19":4,"20":0,"21":0,"22":1,"23":1,"24":1,"25":1,"26":1,"27":1,"28":1,"29":1,"30":1,"31":1,"32":0,"33":0,"34":1,"35":0,"36":0,"37":0,"38":1,"39":0,"40":0,"41":0,"42":1,"43":1},"f":{"0":5,"1":5,"2":0,"3":4,"4":4,"5":0,"6":1,"7":1,"8":1,"9":1,"10":1,"11":1,"12":0,"13":0,"14":0,"15":0,"16":0,"17":0,"18":0,"19":0,"20":0},"b":{},"_coverageSchema":"1a1c01bbd47fc00a2c39e90264f33305004495a9","hash":"8ba684136f4994bdd41d322f9909fb991d78c980"}
}
