TN:
SF:config.js
FNF:0
FNH:0
DA:1,1
DA:5,1
DA:6,1
DA:8,1
DA:9,1
DA:10,1
DA:11,1
DA:12,1
DA:14,1
DA:15,1
DA:16,1
DA:17,1
DA:19,1
DA:23,1
LF:14
LH:14
BRF:0
BRH:0
end_of_record
TN:
SF:api\controladores\productosController.js
FN:6,(anonymous_0)
FN:50,(anonymous_1)
FN:52,(anonymous_2)
FN:67,(anonymous_3)
FN:68,(anonymous_4)
FN:73,(anonymous_5)
FN:74,(anonymous_6)
FN:79,(anonymous_7)
FN:96,(anonymous_8)
FN:102,(anonymous_9)
FN:142,(anonymous_10)
FN:147,(anonymous_11)
FN:159,(anonymous_12)
FN:169,(anonymous_13)
FN:174,(anonymous_14)
FNF:15
FNH:9
FNDA:16,(anonymous_0)
FNDA:5,(anonymous_1)
FNDA:4,(anonymous_2)
FNDA:1,(anonymous_3)
FNDA:1,(anonymous_4)
FNDA:1,(anonymous_5)
FNDA:1,(anonymous_6)
FNDA:3,(anonymous_7)
FNDA:1,(anonymous_8)
FNDA:0,(anonymous_9)
FNDA:0,(anonymous_10)
FNDA:0,(anonymous_11)
FNDA:0,(anonymous_12)
FNDA:0,(anonymous_13)
FNDA:0,(anonymous_14)
DA:1,1
DA:2,1
DA:3,1
DA:6,1
DA:9,16
DA:20,16
DA:21,5
DA:22,5
DA:24,11
DA:25,1
DA:26,1
DA:28,10
DA:29,1
DA:30,1
DA:32,9
DA:33,1
DA:34,1
DA:36,8
DA:37,1
DA:38,1
DA:40,7
DA:41,1
DA:42,1
DA:44,6
DA:45,1
DA:46,1
DA:50,5
DA:51,5
DA:52,4
DA:53,4
DA:54,4
DA:57,0
DA:62,1
DA:67,1
DA:68,1
DA:69,1
DA:73,1
DA:74,1
DA:75,1
DA:79,1
DA:80,3
DA:84,3
DA:85,3
DA:87,3
DA:88,1
DA:89,1
DA:91,2
DA:92,1
DA:93,1
DA:96,1
DA:97,1
DA:102,1
DA:103,0
DA:113,0
DA:114,0
DA:115,0
DA:117,0
DA:118,0
DA:119,0
DA:121,0
DA:122,0
DA:123,0
DA:125,0
DA:126,0
DA:127,0
DA:129,0
DA:130,0
DA:131,0
DA:133,0
DA:134,0
DA:135,0
DA:137,0
DA:138,0
DA:139,0
DA:142,0
DA:143,0
DA:144,0
DA:147,0
DA:148,0
DA:149,0
DA:152,0
DA:159,1
DA:160,0
DA:164,0
DA:165,0
DA:166,0
DA:169,0
DA:170,0
DA:171,0
DA:174,0
DA:175,0
DA:176,0
DA:179,0
DA:188,1
LF:94
LH:53
BRDA:20,0,0,5
BRDA:20,0,1,11
BRDA:20,1,0,16
BRDA:20,1,1,12
BRDA:20,1,2,12
BRDA:24,2,0,1
BRDA:24,2,1,10
BRDA:24,3,0,11
BRDA:24,3,1,11
BRDA:24,3,2,11
BRDA:28,4,0,1
BRDA:28,4,1,9
BRDA:28,5,0,10
BRDA:28,5,1,10
BRDA:28,5,2,10
BRDA:32,6,0,1
BRDA:32,6,1,8
BRDA:32,7,0,9
BRDA:32,7,1,9
BRDA:32,7,2,9
BRDA:36,8,0,1
BRDA:36,8,1,7
BRDA:36,9,0,8
BRDA:36,9,1,8
BRDA:36,9,2,8
BRDA:40,10,0,1
BRDA:40,10,1,6
BRDA:40,11,0,7
BRDA:40,11,1,7
BRDA:40,11,2,7
BRDA:44,12,0,1
BRDA:44,12,1,5
BRDA:44,13,0,6
BRDA:44,13,1,6
BRDA:44,13,2,6
BRDA:51,14,0,4
BRDA:51,14,1,1
BRDA:53,15,0,4
BRDA:53,15,1,0
BRDA:87,16,0,1
BRDA:87,16,1,2
BRDA:87,17,0,3
BRDA:87,17,1,3
BRDA:87,17,2,3
BRDA:91,18,0,1
BRDA:91,18,1,1
BRDA:113,19,0,0
BRDA:113,19,1,0
BRDA:113,20,0,0
BRDA:113,20,1,0
BRDA:113,20,2,0
BRDA:117,21,0,0
BRDA:117,21,1,0
BRDA:117,22,0,0
BRDA:117,22,1,0
BRDA:117,22,2,0
BRDA:121,23,0,0
BRDA:121,23,1,0
BRDA:121,24,0,0
BRDA:121,24,1,0
BRDA:121,24,2,0
BRDA:125,25,0,0
BRDA:125,25,1,0
BRDA:125,26,0,0
BRDA:125,26,1,0
BRDA:125,26,2,0
BRDA:129,27,0,0
BRDA:129,27,1,0
BRDA:129,28,0,0
BRDA:129,28,1,0
BRDA:129,28,2,0
BRDA:133,29,0,0
BRDA:133,29,1,0
BRDA:133,30,0,0
BRDA:133,30,1,0
BRDA:133,30,2,0
BRDA:137,31,0,0
BRDA:137,31,1,0
BRDA:137,32,0,0
BRDA:137,32,1,0
BRDA:137,32,2,0
BRDA:143,33,0,0
BRDA:143,33,1,0
BRDA:148,34,0,0
BRDA:148,34,1,0
BRDA:164,35,0,0
BRDA:164,35,1,0
BRDA:164,36,0,0
BRDA:164,36,1,0
BRDA:164,36,2,0
BRDA:170,37,0,0
BRDA:170,37,1,0
BRDA:175,38,0,0
BRDA:175,38,1,0
BRF:94
BRH:45
end_of_record
TN:
SF:api\modelos\productosModel.js
FN:19,(anonymous_0)
FN:21,(anonymous_1)
FN:23,(anonymous_2)
FN:28,(anonymous_3)
FN:38,(anonymous_4)
FN:40,(anonymous_5)
FN:46,(anonymous_6)
FN:47,(anonymous_7)
FN:52,(anonymous_8)
FN:53,(anonymous_9)
FN:58,(anonymous_10)
FN:59,(anonymous_11)
FN:64,(anonymous_12)
FN:65,(anonymous_13)
FN:67,(anonymous_14)
FN:72,(anonymous_15)
FN:80,(anonymous_16)
FN:82,(anonymous_17)
FN:88,(anonymous_18)
FN:89,(anonymous_19)
FN:91,(anonymous_20)
FNF:21
FNH:10
FNDA:5,(anonymous_0)
FNDA:5,(anonymous_1)
FNDA:0,(anonymous_2)
FNDA:4,(anonymous_3)
FNDA:4,(anonymous_4)
FNDA:0,(anonymous_5)
FNDA:1,(anonymous_6)
FNDA:1,(anonymous_7)
FNDA:1,(anonymous_8)
FNDA:1,(anonymous_9)
FNDA:1,(anonymous_10)
FNDA:1,(anonymous_11)
FNDA:0,(anonymous_12)
FNDA:0,(anonymous_13)
FNDA:0,(anonymous_14)
FNDA:0,(anonymous_15)
FNDA:0,(anonymous_16)
FNDA:0,(anonymous_17)
FNDA:0,(anonymous_18)
FNDA:0,(anonymous_19)
FNDA:0,(anonymous_20)
DA:1,1
DA:2,1
DA:4,1
DA:14,1
DA:16,1
DA:19,1
DA:21,5
DA:22,5
DA:24,0
DA:28,1
DA:30,4
DA:31,4
DA:32,4
DA:33,4
DA:34,4
DA:35,4
DA:36,4
DA:37,4
DA:38,4
DA:39,4
DA:41,0
DA:42,0
DA:46,1
DA:47,1
DA:48,1
DA:52,1
DA:53,1
DA:54,1
DA:58,1
DA:59,1
DA:60,1
DA:64,1
DA:65,0
DA:66,0
DA:72,1
DA:73,0
DA:81,0
DA:84,0
DA:88,1
DA:89,0
DA:90,0
DA:93,0
DA:97,1
DA:98,1
LF:44
LH:33
BRF:0
BRH:0
end_of_record
